<?xml version="1.0" encoding="UTF-8"?>
<testsuite name="LasagnaTest" tests="6" skipped="5" failures="0" errors="0" timestamp="2021-11-02T10:30:24" hostname="DESKTOP-SHM2UKA" time="0.046">
  <properties/>
  <testcase name="total_time_in_minutes_for_multiple_layers" classname="LasagnaTest" time="0.0">
    <skipped/>
  </testcase>
  <testcase name="total_time_in_minutes_for_one_layer" classname="LasagnaTest" time="0.0">
    <skipped/>
  </testcase>
  <testcase name="remaining_minutes_in_oven" classname="LasagnaTest" time="0.0">
    <skipped/>
  </testcase>
  <testcase name="preparation_time_in_minutes_for_one_layer" classname="LasagnaTest" time="0.0">
    <skipped/>
  </testcase>
  <testcase name="expected_minutes_in_oven" classname="LasagnaTest" time="0.046"/>
  <testcase name="preparation_time_in_minutes_for_multiple_layers" classname="LasagnaTest" time="0.0">
    <skipped/>
  </testcase>
  <system-out><![CDATA[]]></system-out>
  <system-err><![CDATA[]]></system-err>
</testsuite>
